08, 27, 2020 (14:19:46): Opening rpy file C:\Program Files (x86)\IBM\Rational\Rhapsody Modeler\7.5\Share\Properties\PredefinedTypes.sbs
08, 27, 2020 (14:19:46): 
 Started loading C:\Program Files (x86)\IBM\Rational\Rhapsody Modeler\7.5\Share\Properties\PredefinedTypes.sbs on Thursday, August 27, 2020 (14:19:46).-

08, 27, 2020 (14:19:46): 

Starting inUnit resolution phase


08, 27, 2020 (14:19:46): 

Finished inUnit resolution phase


08, 27, 2020 (14:19:46): 
 Finished loading C:\Program Files (x86)\IBM\Rational\Rhapsody Modeler\7.5\Share\Properties\PredefinedTypes.sbs on Thursday, August 27, 2020 (14:19:46).-

08, 27, 2020 (14:19:46): Opening rpy file C:\Program Files (x86)\IBM\Rational\Rhapsody Modeler\7.5\Share\Properties\PredefinedTypesC++.sbs
08, 27, 2020 (14:19:46): 
 Started loading C:\Program Files (x86)\IBM\Rational\Rhapsody Modeler\7.5\Share\Properties\PredefinedTypesC++.sbs on Thursday, August 27, 2020 (14:19:46).-

08, 27, 2020 (14:19:46): 

Starting inUnit resolution phase


08, 27, 2020 (14:19:46): 

Finished inUnit resolution phase


08, 27, 2020 (14:19:46): 
 Finished loading C:\Program Files (x86)\IBM\Rational\Rhapsody Modeler\7.5\Share\Properties\PredefinedTypesC++.sbs on Thursday, August 27, 2020 (14:19:46).-

08, 27, 2020 (14:19:46): Opening rpy file C:\Users\Owner\Desktop\EKU\2020Spring\Ethics340\Projects\Final Individual\RenpyDiagrams\IndividualProject.rpy
08, 27, 2020 (14:19:46): 
 Started loading C:\Users\Owner\Desktop\EKU\2020Spring\Ethics340\Projects\Final Individual\RenpyDiagrams\IndividualProject.rpy on Thursday, August 27, 2020 (14:19:46).-

08, 27, 2020 (14:19:46): Opening rpy file C:\Users\Owner\Desktop\EKU\2020Spring\Ethics340\Projects\Final Individual\RenpyDiagrams\IndividualProject_rpy\Default.sbs
08, 27, 2020 (14:19:46): 
 Started loading C:\Users\Owner\Desktop\EKU\2020Spring\Ethics340\Projects\Final Individual\RenpyDiagrams\IndividualProject_rpy\Default.sbs on Thursday, August 27, 2020 (14:19:46).-

08, 27, 2020 (14:19:46): 

Starting inUnit resolution phase


08, 27, 2020 (14:19:46): 

Finished inUnit resolution phase


08, 27, 2020 (14:19:46): 
 Finished loading C:\Users\Owner\Desktop\EKU\2020Spring\Ethics340\Projects\Final Individual\RenpyDiagrams\IndividualProject_rpy\Default.sbs on Thursday, August 27, 2020 (14:19:46).-

08, 27, 2020 (14:19:46): Opening rpy file C:\Users\Owner\Desktop\EKU\2020Spring\Ethics340\Projects\Final Individual\RenpyDiagrams\IndividualProject_rpy\DefaultComponent.cmp
08, 27, 2020 (14:19:46): 
 Started loading C:\Users\Owner\Desktop\EKU\2020Spring\Ethics340\Projects\Final Individual\RenpyDiagrams\IndividualProject_rpy\DefaultComponent.cmp on Thursday, August 27, 2020 (14:19:46).-

08, 27, 2020 (14:19:46): 

Starting inUnit resolution phase


08, 27, 2020 (14:19:46): 

Finished inUnit resolution phase


08, 27, 2020 (14:19:46): 
 Finished loading C:\Users\Owner\Desktop\EKU\2020Spring\Ethics340\Projects\Final Individual\RenpyDiagrams\IndividualProject_rpy\DefaultComponent.cmp on Thursday, August 27, 2020 (14:19:46).-

08, 27, 2020 (14:19:46): 

Starting inUnit resolution phase


08, 27, 2020 (14:19:46): 

Finished inUnit resolution phase


08, 27, 2020 (14:19:46): 

Starting inUnit resolution phase


08, 27, 2020 (14:19:46): 

Finished inUnit resolution phase


08, 27, 2020 (14:19:46): 

Starting inUnit resolution phase


08, 27, 2020 (14:19:46): 

Finished inUnit resolution phase


08, 27, 2020 (14:19:46): 
 Finished loading C:\Users\Owner\Desktop\EKU\2020Spring\Ethics340\Projects\Final Individual\RenpyDiagrams\IndividualProject.rpy on Thursday, August 27, 2020 (14:19:46).-

08, 27, 2020 (14:19:46): Starting checks of EventsBaseID conflicts
08, 27, 2020 (14:19:46): Finished checks of EventsBaseID conflicts
08, 27, 2020 (14:19:46): End Log
