05, 09, 2020 (00:23:02): Starting Pre-Save actions

05, 09, 2020 (00:23:02): Starting Dialogs Check/Save
05, 09, 2020 (00:23:02): Finished Dialogs Check/Save
05, 09, 2020 (00:23:02): Starting Controlled Files Resolution
05, 09, 2020 (00:23:02): Finished Controlled Files Resolution
05, 09, 2020 (00:23:02): Finished Pre-Save actions

05, 09, 2020 (00:23:02): Creating C:\Users\Owner\Desktop\EKU\2020Spring\Ethics340\Projects\Final Individual\RenpyDiagrams\IndividualProject.rpy
05, 09, 2020 (00:23:02): 
Started writing C:\Users\Owner\Desktop\EKU\2020Spring\Ethics340\Projects\Final Individual\RenpyDiagrams\IndividualProject.rpy on Saturday, May 09, 2020 (00:23:02)

05, 09, 2020 (00:23:02): version 8.5.2
05, 09, 2020 (00:23:02): 
Started writing C:\Users\Owner\Desktop\EKU\2020Spring\Ethics340\Projects\Final Individual\RenpyDiagrams\IndividualProject_rpy\filesTable.dat on Saturday, May 09, 2020 (00:23:02)

05, 09, 2020 (00:23:02): Finished writing C:\Users\Owner\Desktop\EKU\2020Spring\Ethics340\Projects\Final Individual\RenpyDiagrams\IndividualProject_rpy\filesTable.dat on Saturday, May 09, 2020 (00:23:02)

05, 09, 2020 (00:23:02): Creating C:\Users\Owner\Desktop\EKU\2020Spring\Ethics340\Projects\Final Individual\RenpyDiagrams\IndividualProject_rpy\Default.sbs
05, 09, 2020 (00:23:02): 
Started writing C:\Users\Owner\Desktop\EKU\2020Spring\Ethics340\Projects\Final Individual\RenpyDiagrams\IndividualProject_rpy\Default.sbs on Saturday, May 09, 2020 (00:23:02)

05, 09, 2020 (00:23:02): version 8.5.2
05, 09, 2020 (00:23:02): Finished writing C:\Users\Owner\Desktop\EKU\2020Spring\Ethics340\Projects\Final Individual\RenpyDiagrams\IndividualProject_rpy\Default.sbs on Saturday, May 09, 2020 (00:23:02)

05, 09, 2020 (00:23:02): Creating C:\Users\Owner\Desktop\EKU\2020Spring\Ethics340\Projects\Final Individual\RenpyDiagrams\IndividualProject_rpy\DefaultComponent.cmp
05, 09, 2020 (00:23:02): 
Started writing C:\Users\Owner\Desktop\EKU\2020Spring\Ethics340\Projects\Final Individual\RenpyDiagrams\IndividualProject_rpy\DefaultComponent.cmp on Saturday, May 09, 2020 (00:23:02)

05, 09, 2020 (00:23:02): version 8.5.2
05, 09, 2020 (00:23:02): Finished writing C:\Users\Owner\Desktop\EKU\2020Spring\Ethics340\Projects\Final Individual\RenpyDiagrams\IndividualProject_rpy\DefaultComponent.cmp on Saturday, May 09, 2020 (00:23:02)

05, 09, 2020 (00:23:02): Finished writing C:\Users\Owner\Desktop\EKU\2020Spring\Ethics340\Projects\Final Individual\RenpyDiagrams\IndividualProject.rpy on Saturday, May 09, 2020 (00:23:02)

05, 09, 2020 (00:23:02): End Log
