09, 16, 2020 (02:51:15): Opening rpy file C:\Program Files (x86)\IBM\Rational\Rhapsody Modeler\7.5\Share\Properties\PredefinedTypes.sbs
09, 16, 2020 (02:51:15): 
 Started loading C:\Program Files (x86)\IBM\Rational\Rhapsody Modeler\7.5\Share\Properties\PredefinedTypes.sbs on Wednesday, September 16, 2020 (02:51:15).-

09, 16, 2020 (02:51:15): 

Starting inUnit resolution phase


09, 16, 2020 (02:51:15): 

Finished inUnit resolution phase


09, 16, 2020 (02:51:15): 
 Finished loading C:\Program Files (x86)\IBM\Rational\Rhapsody Modeler\7.5\Share\Properties\PredefinedTypes.sbs on Wednesday, September 16, 2020 (02:51:15).-

09, 16, 2020 (02:51:15): Opening rpy file C:\Program Files (x86)\IBM\Rational\Rhapsody Modeler\7.5\Share\Properties\PredefinedTypesC++.sbs
09, 16, 2020 (02:51:15): 
 Started loading C:\Program Files (x86)\IBM\Rational\Rhapsody Modeler\7.5\Share\Properties\PredefinedTypesC++.sbs on Wednesday, September 16, 2020 (02:51:15).-

09, 16, 2020 (02:51:15): 

Starting inUnit resolution phase


09, 16, 2020 (02:51:15): 

Finished inUnit resolution phase


09, 16, 2020 (02:51:15): 
 Finished loading C:\Program Files (x86)\IBM\Rational\Rhapsody Modeler\7.5\Share\Properties\PredefinedTypesC++.sbs on Wednesday, September 16, 2020 (02:51:15).-

09, 16, 2020 (02:51:16): Opening rpy file C:\Users\Owner\Desktop\EKU\2020Fall\CSC 440 Applied Software Engineering\DnDProjectRap\DnDProjectRap.rpy
09, 16, 2020 (02:51:16): 
 Started loading C:\Users\Owner\Desktop\EKU\2020Fall\CSC 440 Applied Software Engineering\DnDProjectRap\DnDProjectRap.rpy on Wednesday, September 16, 2020 (02:51:16).-

09, 16, 2020 (02:51:16): Opening rpy file C:\Users\Owner\Desktop\EKU\2020Fall\CSC 440 Applied Software Engineering\DnDProjectRap\DnDProjectRap_rpy\Default.sbs
09, 16, 2020 (02:51:16): 
 Started loading C:\Users\Owner\Desktop\EKU\2020Fall\CSC 440 Applied Software Engineering\DnDProjectRap\DnDProjectRap_rpy\Default.sbs on Wednesday, September 16, 2020 (02:51:16).-

09, 16, 2020 (02:51:16): 

Starting inUnit resolution phase


09, 16, 2020 (02:51:16): 

Finished inUnit resolution phase


09, 16, 2020 (02:51:16): 
 Finished loading C:\Users\Owner\Desktop\EKU\2020Fall\CSC 440 Applied Software Engineering\DnDProjectRap\DnDProjectRap_rpy\Default.sbs on Wednesday, September 16, 2020 (02:51:16).-

09, 16, 2020 (02:51:16): Opening rpy file C:\Users\Owner\Desktop\EKU\2020Fall\CSC 440 Applied Software Engineering\DnDProjectRap\DnDProjectRap_rpy\DefaultComponent.cmp
09, 16, 2020 (02:51:16): 
 Started loading C:\Users\Owner\Desktop\EKU\2020Fall\CSC 440 Applied Software Engineering\DnDProjectRap\DnDProjectRap_rpy\DefaultComponent.cmp on Wednesday, September 16, 2020 (02:51:16).-

09, 16, 2020 (02:51:16): 

Starting inUnit resolution phase


09, 16, 2020 (02:51:16): 

Finished inUnit resolution phase


09, 16, 2020 (02:51:16): 
 Finished loading C:\Users\Owner\Desktop\EKU\2020Fall\CSC 440 Applied Software Engineering\DnDProjectRap\DnDProjectRap_rpy\DefaultComponent.cmp on Wednesday, September 16, 2020 (02:51:16).-

09, 16, 2020 (02:51:16): 

Starting inUnit resolution phase


09, 16, 2020 (02:51:16): 

Finished inUnit resolution phase


09, 16, 2020 (02:51:16): 

Starting inUnit resolution phase


09, 16, 2020 (02:51:16): 

Finished inUnit resolution phase


09, 16, 2020 (02:51:16): 

Starting inUnit resolution phase


09, 16, 2020 (02:51:16): 

Finished inUnit resolution phase


09, 16, 2020 (02:51:16): 
 Finished loading C:\Users\Owner\Desktop\EKU\2020Fall\CSC 440 Applied Software Engineering\DnDProjectRap\DnDProjectRap.rpy on Wednesday, September 16, 2020 (02:51:16).-

09, 16, 2020 (02:51:16): Starting checks of EventsBaseID conflicts
09, 16, 2020 (02:51:16): Finished checks of EventsBaseID conflicts
09, 16, 2020 (02:51:16): End Log
