09, 16, 2020 (02:58:04): Starting Pre-Save actions

09, 16, 2020 (02:58:04): Starting Dialogs Check/Save
09, 16, 2020 (02:58:04): Finished Dialogs Check/Save
09, 16, 2020 (02:58:04): Starting Controlled Files Resolution
09, 16, 2020 (02:58:04): Finished Controlled Files Resolution
09, 16, 2020 (02:58:04): Finished Pre-Save actions

09, 16, 2020 (02:58:04): Creating C:\Users\Owner\Desktop\EKU\2020Fall\CSC 440 Applied Software Engineering\DnDProjectRap\DnDProjectRap.rpy
09, 16, 2020 (02:58:04): 
Started writing C:\Users\Owner\Desktop\EKU\2020Fall\CSC 440 Applied Software Engineering\DnDProjectRap\DnDProjectRap.rpy on Wednesday, September 16, 2020 (02:58:04)

09, 16, 2020 (02:58:04): version 8.5.2
09, 16, 2020 (02:58:04): 
Started writing C:\Users\Owner\Desktop\EKU\2020Fall\CSC 440 Applied Software Engineering\DnDProjectRap\DnDProjectRap_rpy\filesTable.dat on Wednesday, September 16, 2020 (02:58:04)

09, 16, 2020 (02:58:04): Finished writing C:\Users\Owner\Desktop\EKU\2020Fall\CSC 440 Applied Software Engineering\DnDProjectRap\DnDProjectRap_rpy\filesTable.dat on Wednesday, September 16, 2020 (02:58:04)

09, 16, 2020 (02:58:04): Creating C:\Users\Owner\Desktop\EKU\2020Fall\CSC 440 Applied Software Engineering\DnDProjectRap\DnDProjectRap_rpy\Default.sbs
09, 16, 2020 (02:58:04): 
Started writing C:\Users\Owner\Desktop\EKU\2020Fall\CSC 440 Applied Software Engineering\DnDProjectRap\DnDProjectRap_rpy\Default.sbs on Wednesday, September 16, 2020 (02:58:04)

09, 16, 2020 (02:58:04): version 8.5.2
09, 16, 2020 (02:58:04): Finished writing C:\Users\Owner\Desktop\EKU\2020Fall\CSC 440 Applied Software Engineering\DnDProjectRap\DnDProjectRap_rpy\Default.sbs on Wednesday, September 16, 2020 (02:58:04)

09, 16, 2020 (02:58:04): Creating C:\Users\Owner\Desktop\EKU\2020Fall\CSC 440 Applied Software Engineering\DnDProjectRap\DnDProjectRap_rpy\DefaultComponent.cmp
09, 16, 2020 (02:58:04): 
Started writing C:\Users\Owner\Desktop\EKU\2020Fall\CSC 440 Applied Software Engineering\DnDProjectRap\DnDProjectRap_rpy\DefaultComponent.cmp on Wednesday, September 16, 2020 (02:58:04)

09, 16, 2020 (02:58:04): version 8.5.2
09, 16, 2020 (02:58:04): Finished writing C:\Users\Owner\Desktop\EKU\2020Fall\CSC 440 Applied Software Engineering\DnDProjectRap\DnDProjectRap_rpy\DefaultComponent.cmp on Wednesday, September 16, 2020 (02:58:04)

09, 16, 2020 (02:58:04): Finished writing C:\Users\Owner\Desktop\EKU\2020Fall\CSC 440 Applied Software Engineering\DnDProjectRap\DnDProjectRap.rpy on Wednesday, September 16, 2020 (02:58:04)

09, 16, 2020 (02:58:04): End Log
